  linkedlistsBONUS.c
c:\users\student\source\repos\visual studio\projects\perflabs\pl14 linked lists bonus\pl14 linked lists bonus\headerbonus.h(13): warning C4013: 'printf' undefined; assuming extern returning int
c:\users\student\source\repos\visual studio\projects\perflabs\pl14 linked lists bonus\pl14 linked lists bonus\linkedlistsbonus.c(16): warning C4133: 'initializing': incompatible types - from 'Student *' to 'char *'
c:\users\student\source\repos\visual studio\projects\perflabs\pl14 linked lists bonus\pl14 linked lists bonus\linkedlistsbonus.c(17): warning C4133: 'initializing': incompatible types - from 'Student *' to 'char *'
c:\users\student\source\repos\visual studio\projects\perflabs\pl14 linked lists bonus\pl14 linked lists bonus\linkedlistsbonus.c(18): warning C4133: 'initializing': incompatible types - from 'Student *' to 'char *'
c:\users\student\source\repos\visual studio\projects\perflabs\pl14 linked lists bonus\pl14 linked lists bonus\linkedlistsbonus.c(19): warning C4133: 'initializing': incompatible types - from 'Student *' to 'char *'
c:\users\student\source\repos\visual studio\projects\perflabs\pl14 linked lists bonus\pl14 linked lists bonus\linkedlistsbonus.c(20): warning C4133: 'initializing': incompatible types - from 'Student *' to 'char *'
c:\users\student\source\repos\visual studio\projects\perflabs\pl14 linked lists bonus\pl14 linked lists bonus\linkedlistsbonus.c(21): warning C4133: 'initializing': incompatible types - from 'Student *' to 'char *'
c:\users\student\source\repos\visual studio\projects\perflabs\pl14 linked lists bonus\pl14 linked lists bonus\linkedlistsbonus.c(22): warning C4133: 'initializing': incompatible types - from 'Student *' to 'char *'
c:\users\student\source\repos\visual studio\projects\perflabs\pl14 linked lists bonus\pl14 linked lists bonus\linkedlistsbonus.c(23): warning C4133: 'initializing': incompatible types - from 'Student *' to 'char *'
c:\users\student\source\repos\visual studio\projects\perflabs\pl14 linked lists bonus\pl14 linked lists bonus\linkedlistsbonus.c(55): warning C4477: 'printf' : format string '%s' requires an argument of type 'char *', but variadic argument 2 has type 'char **'
c:\users\student\source\repos\visual studio\projects\perflabs\pl14 linked lists bonus\pl14 linked lists bonus\linkedlistsbonus.c(55): warning C4477: 'printf' : format string '%s' requires an argument of type 'char *', but variadic argument 3 has type 'char **'
c:\users\student\source\repos\visual studio\projects\perflabs\pl14 linked lists bonus\pl14 linked lists bonus\linkedlistsbonus.c(55): warning C4477: 'printf' : format string '%s' requires an argument of type 'char *', but variadic argument 4 has type 'char **'
c:\users\student\source\repos\visual studio\projects\perflabs\pl14 linked lists bonus\pl14 linked lists bonus\linkedlistsbonus.c(80): warning C4477: 'printf' : format string '%s' requires an argument of type 'char *', but variadic argument 2 has type 'char **'
c:\users\student\source\repos\visual studio\projects\perflabs\pl14 linked lists bonus\pl14 linked lists bonus\linkedlistsbonus.c(88): warning C4477: 'printf' : format string '%s' requires an argument of type 'char *', but variadic argument 2 has type 'char **'
c:\users\student\source\repos\visual studio\projects\perflabs\pl14 linked lists bonus\pl14 linked lists bonus\linkedlistsbonus.c(96): warning C4477: 'printf' : format string '%s' requires an argument of type 'char *', but variadic argument 2 has type 'char **'
c:\users\student\source\repos\visual studio\projects\perflabs\pl14 linked lists bonus\pl14 linked lists bonus\linkedlistsbonus.c(118): warning C4477: 'printf' : format string '%s' requires an argument of type 'char *', but variadic argument 2 has type 'char **'
c:\users\student\source\repos\visual studio\projects\perflabs\pl14 linked lists bonus\pl14 linked lists bonus\linkedlistsbonus.c(118): warning C4477: 'printf' : format string '%s' requires an argument of type 'char *', but variadic argument 3 has type 'char **'
c:\users\student\source\repos\visual studio\projects\perflabs\pl14 linked lists bonus\pl14 linked lists bonus\linkedlistsbonus.c(118): warning C4477: 'printf' : format string '%s' requires an argument of type 'char *', but variadic argument 4 has type 'char **'
  PL14 Linked Lists BONUS.vcxproj -> C:\Users\Student\Source\Repos\Visual Studio\Projects\PerfLabs\PL14 Linked Lists BONUS\Debug\PL14 Linked Lists BONUS.exe
